Arguments: 
  C:\Program Files\nodejs\node.exe C:\Program Files (x86)\bin\yarn.js add bootstrap jquery

PATH: 
  C:\Program Files\Java\jdk1.8.0_92\bin;C:\ProgramData\Oracle\Java\javapath;C:\windows\system32;C:\windows;C:\windows\System32\Wbem;C:\windows\System32\WindowsPowerShell\v1.0\;C:\windows\System32\WindowsPowerShell\v1.0\;C:\Program Files\Git\cmd;C:\Program Files\nodejs\;C:\Program Files (x86)\bin;C:\Python27;C:\Testwa\android_sdk;C:\windows\System32\WindowsPowerShell\v1.0\;C:\ProgramData\Hewlett-Packard\PC COE\VSC\Drivers\;C:\Users\gaole\AppData\Roaming\npm;C:\Users\gaole\AppData\Local\Yarn\.bin;C:\learning\apache-maven-3.3.9\bin;;C:\Users\gaole\.babun

Yarn version: 
  0.21.3

Node version: 
  6.9.4

Platform: 
  win32 x64

npm manifest: 
  {
    "name": "music",
    "version": "0.0.0",
    "license": "MIT",
    "scripts": {
      "ng": "ng",
      "start": "ng serve",
      "build": "ng build",
      "test": "ng test",
      "lint": "ng lint",
      "e2e": "ng e2e"
    },
    "private": true,
    "dependencies": {
      "@angular/animations": "^4.0.0",
      "@angular/common": "^4.0.0",
      "@angular/compiler": "^4.0.0",
      "@angular/core": "^4.0.0",
      "@angular/forms": "^4.0.0",
      "@angular/http": "^4.0.0",
      "@angular/platform-browser": "^4.0.0",
      "@angular/platform-browser-dynamic": "^4.0.0",
      "@angular/router": "^4.0.0",
      "core-js": "^2.4.1",
      "rxjs": "^5.1.0",
      "zone.js": "^0.8.4"
    },
    "devDependencies": {
      "@angular/cli": "1.1.0",
      "@angular/compiler-cli": "^4.0.0",
      "@angular/language-service": "^4.0.0",
      "@types/jasmine": "2.5.45",
      "@types/node": "~6.0.60",
      "codelyzer": "~3.0.1",
      "jasmine-core": "~2.6.2",
      "jasmine-spec-reporter": "~4.1.0",
      "karma": "~1.7.0",
      "karma-chrome-launcher": "~2.1.1",
      "karma-cli": "~1.0.1",
      "karma-jasmine": "~1.1.0",
      "karma-jasmine-html-reporter": "^0.2.2",
      "karma-coverage-istanbul-reporter": "^1.2.1",
      "protractor": "~5.1.2",
      "ts-node": "~3.0.4",
      "tslint": "~5.3.2",
      "typescript": "~2.3.3"
    }
  }

yarn manifest: 
  No manifest

Lockfile: 
  No lockfile

Trace: 
  Error: EPERM: operation not permitted, unlink 'C:\learning\ng-book 2\reddit\music\node_modules\url-parse\node_modules\querystringify'
      at Error (native)
